<?xml version="1.0" encoding="UTF-8"?>
<!-- Generated by org.testng.reporters.JUnitReportReporter -->
<testsuite hostname="DESKTOP-7BLU4QM" name="githubTest.GitHubJerkin" tests="1" failures="0" timestamp="10 Jan 2020 07:45:40 GMT" time="26.629" errors="0">
  <testcase name="logintest" time="26.629" classname="githubTest.GitHubJerkin"/>
</testsuite> <!-- githubTest.GitHubJerkin -->
